{
  "RSpec": {
    "coverage": {
      "/Users/denver932/Code/Rails/bookstore/spec/features/address_spec.rb": {
        "lines": [
          null,
          null,
          1,
          null,
          1,
          1,
          3,
          3,
          3,
          3,
          3,
          3,
          3,
          null,
          1,
          2,
          2,
          null,
          null,
          1,
          1,
          1,
          1,
          1,
          1,
          1,
          1,
          1,
          1,
          1,
          null,
          null,
          null,
          1,
          1,
          null,
          null,
          null,
          1,
          1,
          1,
          1,
          1,
          1,
          1,
          1,
          1,
          1,
          1,
          null,
          null,
          null,
          1,
          1,
          null,
          null,
          null,
          null
        ]
      },
      "/Users/denver932/Code/Rails/bookstore/spec/features/admin_spec.rb": {
        "lines": [
          null,
          null,
          1,
          21,
          null,
          1,
          20,
          20,
          20,
          20,
          null,
          null,
          1,
          5,
          3,
          null,
          1,
          4,
          null,
          null,
          2,
          null,
          1,
          1,
          1,
          1,
          1,
          1,
          1,
          1,
          null,
          null,
          2,
          null,
          null,
          1,
          1,
          1,
          1,
          1,
          null,
          null,
          2,
          null,
          null,
          1,
          1,
          1,
          1,
          1,
          null,
          null,
          2,
          null,
          null,
          null,
          1,
          8,
          3,
          null,
          1,
          7,
          null,
          null,
          1,
          1,
          1,
          1,
          1,
          1,
          1,
          1,
          1,
          1,
          1,
          null,
          null,
          2,
          null,
          null,
          1,
          1,
          1,
          1,
          1,
          1,
          null,
          null,
          2,
          null,
          null,
          1,
          1,
          1,
          1,
          1,
          1,
          null,
          null,
          2,
          null,
          null,
          1,
          2,
          1,
          1,
          1,
          1,
          1,
          null,
          null,
          2,
          null,
          null,
          1,
          2,
          1,
          1,
          1,
          1,
          1,
          null,
          null,
          2,
          null,
          null,
          1,
          1,
          1,
          1,
          1,
          null,
          null,
          2,
          null,
          null,
          1,
          1,
          1,
          1,
          1,
          null,
          null,
          2,
          null,
          null,
          null,
          1,
          4,
          3,
          null,
          1,
          3,
          null,
          null,
          1,
          1,
          1,
          1,
          1,
          1,
          null,
          null,
          2,
          null,
          null,
          1,
          1,
          1,
          1,
          1,
          null,
          null,
          2,
          null,
          null,
          1,
          1,
          1,
          1,
          1,
          null,
          null,
          2,
          null,
          null,
          null,
          1,
          3,
          3,
          3,
          null,
          1,
          2,
          2,
          null,
          null,
          1,
          1,
          1,
          null,
          null,
          1,
          1,
          1,
          1,
          1,
          null,
          null,
          2,
          null,
          null,
          null,
          1,
          5,
          5,
          5,
          3,
          null,
          1,
          4,
          4,
          null,
          null,
          1,
          1,
          1,
          1,
          null,
          null,
          1,
          1,
          1,
          1,
          1,
          1,
          null,
          null,
          2,
          null,
          null,
          1,
          1,
          1,
          1,
          1,
          null,
          null,
          2,
          null,
          null,
          1,
          1,
          1,
          1,
          1,
          null,
          null,
          2,
          null,
          null,
          null
        ]
      },
      "/Users/denver932/Code/Rails/bookstore/spec/features/book_spec.rb": {
        "lines": [
          null,
          null,
          1,
          1,
          14,
          null,
          14,
          14,
          null,
          5,
          null,
          14,
          14,
          14,
          null,
          14,
          14,
          null,
          14,
          14,
          null,
          1,
          5,
          null,
          1,
          9,
          null,
          null,
          1,
          1,
          null,
          null,
          1,
          1,
          1,
          null,
          null,
          1,
          1,
          1,
          1,
          null,
          null,
          1,
          1,
          1,
          1,
          null,
          null,
          1,
          1,
          1,
          1,
          1,
          null,
          null,
          1,
          1,
          1,
          1,
          null,
          null,
          1,
          1,
          1,
          1,
          1,
          1,
          null,
          null,
          1,
          1,
          1,
          1,
          1,
          1,
          null,
          null,
          1,
          1,
          1,
          1,
          1,
          1,
          null,
          null,
          null,
          null,
          1,
          2,
          3,
          null,
          3,
          null,
          1,
          1,
          null,
          null,
          1,
          1,
          1,
          null,
          null,
          null,
          1,
          1,
          2,
          null,
          null,
          1,
          1,
          null,
          null,
          1,
          1,
          1,
          1,
          1,
          1,
          null,
          null,
          null,
          null
        ]
      },
      "/Users/denver932/Code/Rails/bookstore/spec/features/cart_spec.rb": {
        "lines": [
          null,
          null,
          1,
          1,
          15,
          15,
          15,
          15,
          1,
          1,
          3,
          null,
          1,
          1,
          6,
          6,
          6,
          null,
          null,
          1,
          2,
          null,
          null,
          1,
          1,
          1,
          null,
          2,
          null,
          null,
          1,
          1,
          1,
          1,
          null,
          null,
          2,
          null,
          null,
          1,
          1,
          1,
          2,
          2,
          null,
          null,
          2,
          2,
          null,
          null,
          1,
          1,
          1,
          1,
          null,
          null,
          2,
          null,
          null,
          null,
          null,
          1,
          1,
          8,
          8,
          null,
          null,
          1,
          2,
          null,
          null,
          1,
          1,
          1,
          null,
          2,
          null,
          null,
          1,
          1,
          1,
          1,
          null,
          null,
          2,
          null,
          null,
          1,
          1,
          1,
          2,
          2,
          null,
          null,
          2,
          2,
          null,
          null,
          1,
          1,
          1,
          1,
          null,
          null,
          2,
          null,
          null,
          null,
          1,
          1,
          1,
          1,
          null,
          null,
          2,
          null,
          1,
          1,
          1,
          null,
          null,
          2,
          null,
          null,
          null,
          null,
          null
        ]
      },
      "/Users/denver932/Code/Rails/bookstore/spec/features/home_spec.rb": {
        "lines": [
          null,
          null,
          1,
          1,
          6,
          null,
          6,
          6,
          6,
          6,
          null,
          6,
          6,
          6,
          6,
          null,
          1,
          5,
          null,
          null,
          1,
          1,
          null,
          null,
          1,
          1,
          1,
          1,
          1,
          null,
          null,
          1,
          1,
          null,
          null,
          1,
          1,
          null,
          null,
          1,
          1,
          null,
          null,
          null
        ]
      },
      "/Users/denver932/Code/Rails/bookstore/spec/features/privacy_spec.rb": {
        "lines": [
          null,
          null,
          1,
          null,
          1,
          1,
          4,
          2,
          2,
          2,
          null,
          1,
          3,
          3,
          null,
          null,
          1,
          1,
          1,
          1,
          1,
          1,
          1,
          1,
          1,
          1,
          null,
          null,
          1,
          1,
          null,
          null,
          null,
          1,
          1,
          1,
          1,
          null,
          null,
          1,
          1,
          null,
          null,
          null,
          1,
          1,
          1,
          1,
          null,
          null,
          1,
          1,
          null,
          null,
          null,
          null
        ]
      },
      "/Users/denver932/Code/Rails/bookstore/spec/features/review_spec.rb": {
        "lines": [
          null,
          null,
          1,
          1,
          2,
          2,
          2,
          null,
          1,
          1,
          1,
          1,
          1,
          1,
          1,
          1,
          1,
          null,
          null,
          1,
          1,
          1,
          1,
          null,
          null,
          null,
          null
        ]
      },
      "/Users/denver932/Code/Rails/bookstore/spec/features/user_spec.rb": {
        "lines": [
          null,
          null,
          1,
          null,
          1,
          1,
          7,
          null,
          1,
          6,
          null,
          null,
          1,
          1,
          1,
          1,
          null,
          null,
          1,
          1,
          1,
          1,
          null,
          null,
          1,
          1,
          1,
          1,
          null,
          null,
          1,
          1,
          null,
          1,
          1,
          1,
          null,
          1,
          1,
          null,
          null,
          1,
          1,
          null,
          1,
          1,
          null,
          1,
          1,
          null,
          null,
          1,
          1,
          null,
          1,
          null,
          1,
          null,
          1,
          1,
          null,
          null,
          null
        ]
      },
      "/Users/denver932/Code/Rails/bookstore/spec/forms/address_spec.rb": {
        "lines": [
          null,
          null,
          1,
          1,
          3,
          3,
          3,
          3,
          3,
          3,
          null,
          1,
          2,
          2,
          1,
          null,
          1,
          null,
          null,
          null,
          null,
          null,
          null,
          null,
          null,
          null,
          1,
          1,
          null,
          null,
          2,
          null,
          null,
          1,
          2,
          2,
          1,
          null,
          1,
          null,
          null,
          null,
          null,
          null,
          null,
          null,
          null,
          null,
          1,
          1,
          null,
          null,
          2,
          null,
          null,
          null
        ]
      },
      "/Users/denver932/Code/Rails/bookstore/app/forms/address_form.rb": {
        "lines": [
          null,
          null,
          1,
          1,
          null,
          1,
          null,
          1,
          null,
          null,
          null,
          1,
          null,
          null,
          null,
          1,
          null,
          null,
          null,
          1,
          null,
          null,
          null,
          1,
          null,
          null,
          null,
          1,
          null,
          null,
          null,
          1,
          null,
          null,
          null,
          1,
          12,
          12,
          12,
          null,
          null,
          1,
          4,
          null,
          4,
          4,
          null,
          null,
          1,
          null,
          1,
          0,
          null,
          null
        ]
      },
      "/Users/denver932/Code/Rails/bookstore/app/lib/constants/address.rb": {
        "lines": [
          null,
          null,
          1,
          1,
          1,
          1,
          null,
          1,
          1,
          null,
          1,
          1,
          null,
          1,
          1,
          null,
          1,
          1,
          null,
          1,
          1,
          null,
          1,
          1,
          null,
          1,
          1,
          1,
          1,
          1,
          1,
          1,
          null,
          null
        ]
      },
      "/Users/denver932/Code/Rails/bookstore/spec/forms/user_spec.rb": {
        "lines": [
          null,
          null,
          1,
          1,
          3,
          null,
          3,
          null,
          1,
          2,
          2,
          2,
          2,
          null,
          2,
          null,
          null,
          1,
          2,
          1,
          null,
          1,
          null,
          null,
          null,
          null,
          2,
          null,
          2,
          null,
          null,
          null
        ]
      },
      "/Users/denver932/Code/Rails/bookstore/app/forms/user_form.rb": {
        "lines": [
          null,
          null,
          1,
          1,
          1,
          null,
          1,
          null,
          null,
          null,
          null,
          1,
          null,
          1,
          null,
          null,
          null,
          null,
          1,
          null,
          1,
          4,
          4,
          4,
          null,
          null,
          1,
          6,
          null,
          5,
          5,
          null,
          null,
          1,
          null,
          1,
          12,
          null,
          null,
          1,
          6,
          null,
          null,
          1,
          3,
          3,
          null,
          null,
          1,
          3,
          null,
          0,
          null,
          null,
          1,
          3,
          null,
          1,
          null,
          null,
          1,
          18,
          null,
          null
        ]
      },
      "/Users/denver932/Code/Rails/bookstore/app/lib/constants/user.rb": {
        "lines": [
          null,
          null,
          1,
          1,
          1,
          1,
          null,
          1,
          1,
          null,
          1,
          1,
          null,
          null
        ]
      },
      "/Users/denver932/Code/Rails/bookstore/spec/models/address_spec.rb": {
        "lines": [
          null,
          null,
          1,
          1,
          2,
          2,
          2,
          2,
          2,
          2,
          2,
          2,
          2,
          2,
          2,
          null,
          1,
          2,
          null,
          null,
          1,
          2,
          null,
          null
        ]
      },
      "/Users/denver932/Code/Rails/bookstore/app/models/address.rb": {
        "lines": [
          null,
          null,
          1,
          1,
          null
        ]
      },
      "/Users/denver932/Code/Rails/bookstore/spec/models/author_book_spec.rb": {
        "lines": [
          null,
          null,
          1,
          1,
          2,
          2,
          null,
          null,
          1,
          2,
          2,
          null,
          null,
          1,
          2,
          2,
          null,
          null
        ]
      },
      "/Users/denver932/Code/Rails/bookstore/app/models/author_book.rb": {
        "lines": [
          null,
          null,
          1,
          1,
          1,
          null
        ]
      },
      "/Users/denver932/Code/Rails/bookstore/spec/models/author_spec.rb": {
        "lines": [
          null,
          null,
          1,
          1,
          2,
          2,
          null,
          null,
          1,
          2,
          2,
          2,
          null,
          null,
          1,
          2,
          2,
          null,
          null
        ]
      },
      "/Users/denver932/Code/Rails/bookstore/spec/models/book_photo_spec.rb": {
        "lines": [
          null,
          null,
          1,
          1,
          2,
          2,
          null,
          null,
          1,
          2,
          null,
          null,
          1,
          2,
          null,
          null
        ]
      },
      "/Users/denver932/Code/Rails/bookstore/app/models/book_photo.rb": {
        "lines": [
          null,
          null,
          1,
          1,
          1,
          null
        ]
      },
      "/Users/denver932/Code/Rails/bookstore/app/uploaders/image_uploader.rb": {
        "lines": [
          null,
          null,
          1,
          1,
          null,
          1,
          2,
          2,
          null,
          null
        ]
      },
      "/Users/denver932/Code/Rails/bookstore/spec/models/book_spec.rb": {
        "lines": [
          null,
          null,
          1,
          1,
          2,
          2,
          2,
          null,
          null,
          1,
          2,
          2,
          2,
          null,
          null,
          1,
          2,
          2,
          null,
          null
        ]
      },
      "/Users/denver932/Code/Rails/bookstore/spec/models/category_book_spec.rb": {
        "lines": [
          null,
          null,
          1,
          1,
          2,
          2,
          null,
          null,
          1,
          2,
          2,
          null,
          null,
          1,
          2,
          2,
          null,
          null
        ]
      },
      "/Users/denver932/Code/Rails/bookstore/app/models/category_book.rb": {
        "lines": [
          null,
          null,
          1,
          1,
          1,
          null
        ]
      },
      "/Users/denver932/Code/Rails/bookstore/spec/models/category_spec.rb": {
        "lines": [
          null,
          null,
          1,
          1,
          2,
          null,
          null,
          1,
          2,
          null,
          null,
          1,
          2,
          2,
          null,
          null
        ]
      },
      "/Users/denver932/Code/Rails/bookstore/spec/models/coupon_spec.rb": {
        "lines": [
          null,
          null,
          1,
          1,
          2,
          2,
          null,
          null,
          1,
          2,
          2,
          2,
          null,
          null,
          1,
          2,
          null,
          null
        ]
      },
      "/Users/denver932/Code/Rails/bookstore/spec/models/order_item_spec.rb": {
        "lines": [
          null,
          null,
          1,
          1,
          2,
          null,
          null,
          1,
          2,
          2,
          null,
          null,
          1,
          2,
          2,
          null,
          null
        ]
      },
      "/Users/denver932/Code/Rails/bookstore/app/models/order_item.rb": {
        "lines": [
          null,
          null,
          1,
          1,
          1,
          null,
          1,
          null
        ]
      },
      "/Users/denver932/Code/Rails/bookstore/spec/models/order_spec.rb": {
        "lines": [
          null,
          null,
          1,
          1,
          2,
          2,
          2,
          null,
          null,
          1,
          2,
          null,
          null
        ]
      },
      "/Users/denver932/Code/Rails/bookstore/app/models/order.rb": {
        "lines": [
          null,
          null,
          1,
          1,
          1,
          null,
          1,
          1,
          1,
          null
        ]
      },
      "/Users/denver932/Code/Rails/bookstore/spec/models/review_spec.rb": {
        "lines": [
          null,
          null,
          1,
          1,
          6,
          2,
          2,
          2,
          2,
          2,
          null,
          null,
          1,
          2,
          2,
          2,
          2,
          2,
          null,
          null,
          1,
          2,
          2,
          null,
          null,
          1,
          2,
          2,
          null,
          null
        ]
      },
      "/Users/denver932/Code/Rails/bookstore/spec/models/user_spec.rb": {
        "lines": [
          null,
          null,
          1,
          1,
          2,
          2,
          null,
          null,
          1,
          2,
          2,
          2,
          2,
          2,
          2,
          2,
          2,
          2,
          2,
          2,
          2,
          2,
          2,
          null,
          null,
          1,
          2,
          2,
          2,
          null,
          null
        ]
      },
      "/Users/denver932/Code/Rails/bookstore/spec/requests/address_request_spec.rb": {
        "lines": [
          null,
          null,
          1,
          5,
          5,
          1,
          1,
          2,
          null,
          null,
          2,
          2,
          null,
          null,
          1,
          3,
          3,
          1,
          2,
          null,
          null,
          2,
          2,
          null,
          null
        ]
      },
      "/Users/denver932/Code/Rails/bookstore/spec/requests/book_request_spec.rb": {
        "lines": [
          null,
          null,
          1,
          1,
          2,
          null,
          2,
          null,
          1,
          2,
          null,
          2,
          null,
          null,
          1,
          2,
          2,
          null,
          2,
          null,
          null,
          1,
          1,
          2,
          2,
          null,
          null,
          1,
          2,
          2,
          null,
          null,
          1,
          2,
          2,
          null,
          null,
          1,
          2,
          2,
          null,
          null,
          null,
          1,
          2,
          2,
          null,
          2,
          null,
          null
        ]
      },
      "/Users/denver932/Code/Rails/bookstore/app/controllers/books_controller.rb": {
        "lines": [
          null,
          null,
          1,
          1,
          null,
          1,
          null,
          1,
          26,
          26,
          26,
          null,
          26,
          26,
          26,
          null,
          null,
          null,
          1,
          19,
          19,
          19,
          null,
          null,
          1,
          null,
          1,
          26,
          null,
          null
        ]
      },
      "/Users/denver932/Code/Rails/bookstore/spec/requests/cart_request_spec.rb": {
        "lines": [
          null,
          null,
          1,
          1,
          3,
          null,
          2,
          2,
          null,
          null
        ]
      },
      "/Users/denver932/Code/Rails/bookstore/app/controllers/carts_controller.rb": {
        "lines": [
          null,
          null,
          1,
          1,
          28,
          null,
          null
        ]
      },
      "/Users/denver932/Code/Rails/bookstore/spec/requests/devise_request_spec.rb": {
        "lines": [
          null,
          null,
          1,
          4,
          1,
          1,
          1,
          null,
          null,
          2,
          null,
          null,
          1,
          1,
          1,
          null,
          null,
          2,
          null,
          null,
          1,
          1,
          1,
          null,
          null,
          2,
          null,
          null,
          1,
          1,
          2,
          2,
          null,
          null,
          2,
          2,
          null,
          null,
          1,
          1,
          1,
          null,
          null,
          1,
          1,
          1,
          null,
          1,
          1,
          null,
          null,
          null
        ]
      },
      "/Users/denver932/Code/Rails/bookstore/spec/requests/home_request_spec.rb": {
        "lines": [
          null,
          null,
          1,
          1,
          3,
          null,
          2,
          2,
          null,
          null
        ]
      },
      "/Users/denver932/Code/Rails/bookstore/app/controllers/home_controller.rb": {
        "lines": [
          null,
          null,
          1,
          1,
          null,
          1,
          23,
          23,
          23,
          null,
          null
        ]
      },
      "/Users/denver932/Code/Rails/bookstore/spec/requests/user_request_spec.rb": {
        "lines": [
          null,
          null,
          1,
          3,
          3,
          1,
          1,
          2,
          null,
          null,
          2,
          2,
          null,
          null
        ]
      },
      "/Users/denver932/Code/Rails/bookstore/app/controllers/addresses_controller.rb": {
        "lines": [
          null,
          null,
          1,
          1,
          null,
          1,
          2,
          null,
          null,
          1,
          0,
          null,
          null,
          1,
          null,
          1,
          2,
          2,
          2,
          null,
          0,
          0,
          null,
          null,
          null,
          1,
          2,
          1,
          null,
          1,
          null,
          null,
          null,
          1,
          2,
          null,
          null,
          null,
          1,
          6,
          null,
          null
        ]
      },
      "/Users/denver932/Code/Rails/bookstore/app/services/current_order.rb": {
        "lines": [
          null,
          null,
          1,
          1,
          1,
          null,
          1,
          272,
          272,
          null,
          null,
          1,
          272,
          33,
          239,
          148,
          null,
          91,
          null,
          null,
          null,
          1,
          null,
          1,
          148,
          148,
          null,
          null,
          1,
          91,
          91,
          91,
          null,
          null,
          1,
          272,
          null,
          null,
          1,
          239,
          null,
          null,
          1,
          33,
          null,
          null,
          1,
          150,
          null,
          null
        ]
      },
      "/Users/denver932/Code/Rails/bookstore/app/models/billing_address.rb": {
        "lines": [
          null,
          null,
          1
        ]
      },
      "/Users/denver932/Code/Rails/bookstore/app/models/shipping_address.rb": {
        "lines": [
          null,
          null,
          1
        ]
      },
      "/Users/denver932/Code/Rails/bookstore/app/lib/constants/books.rb": {
        "lines": [
          null,
          null,
          1,
          1,
          1,
          1,
          1,
          null,
          1,
          1,
          null,
          1,
          1,
          null,
          1,
          null,
          null,
          null,
          null,
          null,
          null,
          1,
          1,
          null,
          null
        ]
      },
      "/Users/denver932/Code/Rails/bookstore/app/services/sort_books_service.rb": {
        "lines": [
          null,
          null,
          1,
          1,
          26,
          26,
          null,
          null,
          1,
          26,
          null,
          null,
          1,
          null,
          1,
          26,
          null,
          null,
          1,
          22,
          null,
          null,
          1,
          4,
          null,
          null,
          1,
          26,
          null,
          null
        ]
      },
      "/Users/denver932/Code/Rails/bookstore/app/lib/constants/order.rb": {
        "lines": [
          null,
          null,
          1,
          1,
          1,
          1,
          null,
          null
        ]
      },
      "/Users/denver932/Code/Rails/bookstore/app/controllers/order_items_controller.rb": {
        "lines": [
          null,
          null,
          1,
          1,
          null,
          1,
          14,
          null,
          14,
          14,
          null,
          null,
          1,
          2,
          null,
          null,
          1,
          2,
          2,
          null,
          null,
          1,
          null,
          1,
          0,
          null,
          null,
          1,
          2,
          null,
          null,
          1,
          14,
          null,
          null,
          1,
          30,
          null,
          null
        ]
      },
      "/Users/denver932/Code/Rails/bookstore/app/services/current_order_items.rb": {
        "lines": [
          null,
          null,
          1,
          1,
          null,
          1,
          16,
          16,
          null,
          null,
          1,
          16,
          null,
          null,
          1,
          null,
          1,
          24,
          null,
          null,
          1,
          2,
          null,
          null,
          1,
          2,
          null,
          null,
          1,
          2,
          null,
          2,
          null,
          null,
          1,
          14,
          null,
          null
        ]
      },
      "/Users/denver932/Code/Rails/bookstore/app/decorators/order_decorator.rb": {
        "lines": [
          null,
          null,
          1,
          1,
          1,
          1,
          104,
          null,
          null,
          1,
          44,
          null,
          null,
          1,
          22,
          null,
          null
        ]
      },
      "/Users/denver932/Code/Rails/bookstore/app/decorators/order_item_decorator.rb": {
        "lines": [
          null,
          null,
          1,
          1,
          1,
          null,
          1,
          22,
          null,
          null
        ]
      },
      "/Users/denver932/Code/Rails/bookstore/app/lib/constants/coupon.rb": {
        "lines": [
          null,
          null,
          1,
          1,
          1,
          1,
          null,
          null
        ]
      },
      "/Users/denver932/Code/Rails/bookstore/app/controllers/coupons_controller.rb": {
        "lines": [
          null,
          null,
          1,
          1,
          6,
          6,
          4,
          4,
          null,
          null,
          2,
          null,
          null,
          1,
          null,
          1,
          4,
          null,
          null,
          1,
          6,
          null,
          null
        ]
      },
      "/Users/denver932/Code/Rails/bookstore/app/controllers/users_controller.rb": {
        "lines": [
          null,
          null,
          1,
          1,
          null,
          1,
          5,
          null,
          null,
          1,
          2,
          2,
          2,
          1,
          null,
          1,
          null,
          null,
          null,
          1,
          1,
          1,
          1,
          1,
          1,
          1,
          null,
          null,
          1,
          null,
          1,
          2,
          null,
          null
        ]
      },
      "/Users/denver932/Code/Rails/bookstore/app/controllers/users/sessions_controller.rb": {
        "lines": [
          null,
          null,
          1,
          1,
          1,
          0,
          0,
          null,
          null,
          1,
          2,
          null,
          null,
          null
        ]
      },
      "/Users/denver932/Code/Rails/bookstore/app/controllers/reviews_controller.rb": {
        "lines": [
          null,
          null,
          1,
          1,
          1,
          null,
          1,
          1,
          null,
          0,
          null,
          null,
          null,
          1,
          null,
          1,
          1,
          null,
          null
        ]
      },
      "/Users/denver932/Code/Rails/bookstore/app/controllers/users/registrations_controller.rb": {
        "lines": [
          null,
          null,
          1,
          1,
          1,
          0,
          0,
          0,
          0,
          null,
          0,
          null,
          null,
          null,
          null
        ]
      }
    },
    "timestamp": 1669874965
  }
}
